[Modules] Modules initializing
[Modules] Distribution: remote
[Modules] Host updates: enabled
[Modules] Module updates: enabled
[Modules] Module install path: /home/alex/.config/discord/0.0.5/modules
[Modules] Module installed file path: /home/alex/.config/discord/0.0.5/modules/installed.json
[Modules] Module download path: /home/alex/.config/discord/0.0.5/modules/pending
[Modules] Bootstrapping...
[Modules] Installing discord_desktop_core@1 from /opt/discord/resources/bootstrap/discord_desktop_core.zip
[Modules] Installing discord_erlpack@1 from /opt/discord/resources/bootstrap/discord_erlpack.zip
[Modules] Installing discord_game_utils@1 from /opt/discord/resources/bootstrap/discord_game_utils.zip
[Modules] Installing discord_rpc@1 from /opt/discord/resources/bootstrap/discord_rpc.zip
[Modules] Installing discord_spellcheck@1 from /opt/discord/resources/bootstrap/discord_spellcheck.zip
[Modules] Installing discord_utils@1 from /opt/discord/resources/bootstrap/discord_utils.zip
[Modules] Installing discord_voice@1 from /opt/discord/resources/bootstrap/discord_voice.zip
[Modules] Finished module installations. [success: 7] [failure: 0]
[Modules] Checking for host updates.
[Modules] Host is up to date.
[Modules] Checking for module updates at https://discordapp.com/api/modules/stable/versions.json
[Modules] Module update available: discord_desktop_core@3 [installed: 1]
[Modules] Module update available: discord_utils@4 [installed: 1]
[Modules] Module update available: discord_voice@9 [installed: 1]
[Modules] Fetching discord_desktop_core@3 from https://discordapp.com/api/modules/stable/discord_desktop_core/3
[Modules] Streaming discord_desktop_core@3 [1677128 bytes] to /home/alex/.config/discord/0.0.5/modules/pending/discord_desktop_core-3.zip
[Modules] Fetching discord_utils@4 from https://discordapp.com/api/modules/stable/discord_utils/4
[Modules] Streaming discord_utils@4 [1055175 bytes] to /home/alex/.config/discord/0.0.5/modules/pending/discord_utils-4.zip
[Modules] Fetching discord_voice@9 from https://discordapp.com/api/modules/stable/discord_voice/9
[Modules] Streaming discord_voice@9 [7525825 bytes] to /home/alex/.config/discord/0.0.5/modules/pending/discord_voice-9.zip
[Modules] Finished module downloads. [success: 3] [failure: 0]
[Modules] Relaunching to install module updates...
[Modules] Modules initializing
[Modules] Distribution: remote
[Modules] Host updates: enabled
[Modules] Module updates: enabled
[Modules] Module install path: /home/alex/.config/discord/0.0.5/modules
[Modules] Module installed file path: /home/alex/.config/discord/0.0.5/modules/installed.json
[Modules] Module download path: /home/alex/.config/discord/0.0.5/modules/pending
[Modules] Installing updates...
[Modules] Installing discord_desktop_core@3 from /home/alex/.config/discord/0.0.5/modules/pending/discord_desktop_core-3.zip
[Modules] Installing discord_utils@4 from /home/alex/.config/discord/0.0.5/modules/pending/discord_utils-4.zip
[Modules] Installing discord_voice@9 from /home/alex/.config/discord/0.0.5/modules/pending/discord_voice-9.zip
[Modules] Finished module installations. [success: 3] [failure: 0]
[Modules] Checking for host updates.
[Modules] Host is up to date.
[Modules] Checking for module updates at https://discordapp.com/api/modules/stable/versions.json
[Modules] No module updates available.
[Modules] Starting to install discord_cloudsync...
[Modules] Fetching discord_cloudsync@0 from https://discordapp.com/api/modules/stable/discord_cloudsync/0
[Modules] Streaming discord_cloudsync@0 [255 bytes] to /home/alex/.config/discord/0.0.5/modules/pending/discord_cloudsync-0.zip
[Modules] Finished module downloads. [success: 0] [failure: 1]
[Modules] Checking for host updates.
[Modules] Host is up to date.
[Modules] Checking for module updates at https://discordapp.com/api/modules/stable/versions.json
[Modules] No module updates available.
[Modules] Checking for host updates.
[Modules] Host is up to date.
[Modules] Checking for module updates at https://discordapp.com/api/modules/stable/versions.json
[Modules] No module updates available.
[Modules] Starting to install discord_contact_import...
[Modules] Fetching discord_contact_import@1 from https://discordapp.com/api/modules/stable/discord_contact_import/1
[Modules] Streaming discord_contact_import@1 [4039155 bytes] to /home/alex/.config/discord/0.0.5/modules/pending/discord_contact_import-1.zip
[Modules] Finished module downloads. [success: 1] [failure: 0]
[Modules] Installing discord_contact_import@1 from /home/alex/.config/discord/0.0.5/modules/pending/discord_contact_import-1.zip
[Modules] Finished module installations. [success: 1] [failure: 0]
[Modules] Modules initializing
[Modules] Distribution: remote
[Modules] Host updates: enabled
[Modules] Module updates: enabled
[Modules] Module install path: /home/alex/.config/discord/0.0.5/modules
[Modules] Module installed file path: /home/alex/.config/discord/0.0.5/modules/installed.json
[Modules] Module download path: /home/alex/.config/discord/0.0.5/modules/pending
[Modules] No updates to install
[Modules] Checking for host updates.
[Modules] Host is up to date.
[Modules] Checking for module updates at https://discordapp.com/api/modules/stable/versions.json
[Modules] No module updates available.
[Modules] Starting to install discord_cloudsync...
[Modules] Fetching discord_cloudsync@0 from https://discordapp.com/api/modules/stable/discord_cloudsync/0
[Modules] Streaming discord_cloudsync@0 [255 bytes] to /home/alex/.config/discord/0.0.5/modules/pending/discord_cloudsync-0.zip
[Modules] Finished module downloads. [success: 0] [failure: 1]
[Modules] Checking for host updates.
[Modules] Host is up to date.
[Modules] Checking for module updates at https://discordapp.com/api/modules/stable/versions.json
[Modules] No module updates available.
[Modules] Modules initializing
[Modules] Distribution: remote
[Modules] Host updates: enabled
[Modules] Module updates: enabled
[Modules] Module install path: /home/alex/.config/discord/0.0.5/modules
[Modules] Module installed file path: /home/alex/.config/discord/0.0.5/modules/installed.json
[Modules] Module download path: /home/alex/.config/discord/0.0.5/modules/pending
[Modules] No updates to install
[Modules] Checking for host updates.
[Modules] Host update failed: Error: getaddrinfo EAI_AGAIN discordapp.com:443
[Modules] Checking for host updates.
[Modules] Host update failed: Error: getaddrinfo EAI_AGAIN discordapp.com:443
[Modules] Checking for host updates.
[Modules] Host update failed: Error: getaddrinfo EAI_AGAIN discordapp.com:443
[Modules] Checking for host updates.
[Modules] Host update failed: Error: getaddrinfo EAI_AGAIN discordapp.com:443
[Modules] Checking for host updates.
[Modules] Modules initializing
[Modules] Distribution: remote
[Modules] Host updates: enabled
[Modules] Module updates: enabled
[Modules] Module install path: /home/alex/.config/discord/0.0.5/modules
[Modules] Module installed file path: /home/alex/.config/discord/0.0.5/modules/installed.json
[Modules] Module download path: /home/alex/.config/discord/0.0.5/modules/pending
[Modules] No updates to install
[Modules] Checking for host updates.
[Modules] Host is up to date.
[Modules] Checking for module updates at https://discordapp.com/api/modules/stable/versions.json
[Modules] No module updates available.
[Modules] Starting to install discord_cloudsync...
[Modules] Fetching discord_cloudsync@0 from https://discordapp.com/api/modules/stable/discord_cloudsync/0
[Modules] Streaming discord_cloudsync@0 [255 bytes] to /home/alex/.config/discord/0.0.5/modules/pending/discord_cloudsync-0.zip
[Modules] Finished module downloads. [success: 0] [failure: 1]
[Modules] Checking for host updates.
[Modules] Host is up to date.
[Modules] Checking for module updates at https://discordapp.com/api/modules/stable/versions.json
[Modules] No module updates available.
[Modules] Modules initializing
[Modules] Distribution: remote
[Modules] Host updates: enabled
[Modules] Module updates: enabled
[Modules] Module install path: /home/alex/.config/discord/0.0.5/modules
[Modules] Module installed file path: /home/alex/.config/discord/0.0.5/modules/installed.json
[Modules] Module download path: /home/alex/.config/discord/0.0.5/modules/pending
[Modules] No updates to install
[Modules] Checking for host updates.
[Modules] Host is up to date.
[Modules] Checking for module updates at https://discordapp.com/api/modules/stable/versions.json
[Modules] No module updates available.
[Modules] Starting to install discord_cloudsync...
[Modules] Fetching discord_cloudsync@0 from https://discordapp.com/api/modules/stable/discord_cloudsync/0
[Modules] Streaming discord_cloudsync@0 [255 bytes] to /home/alex/.config/discord/0.0.5/modules/pending/discord_cloudsync-0.zip
[Modules] Finished module downloads. [success: 0] [failure: 1]
[Modules] Checking for host updates.
[Modules] Host is up to date.
[Modules] Checking for module updates at https://discordapp.com/api/modules/stable/versions.json
[Modules] No module updates available.
[Modules] Modules initializing
[Modules] Distribution: remote
[Modules] Host updates: enabled
[Modules] Module updates: enabled
[Modules] Module install path: /home/alex/.config/discord/0.0.5/modules
[Modules] Module installed file path: /home/alex/.config/discord/0.0.5/modules/installed.json
[Modules] Module download path: /home/alex/.config/discord/0.0.5/modules/pending
[Modules] No updates to install
[Modules] Checking for host updates.
[Modules] Host update failed: Error: getaddrinfo EAI_AGAIN discordapp.com:443
[Modules] Checking for host updates.
[Modules] Host update failed: Error: getaddrinfo EAI_AGAIN discordapp.com:443
[Modules] Checking for host updates.
[Modules] Host update failed: Error: getaddrinfo EAI_AGAIN discordapp.com:443
[Modules] Checking for host updates.
[Modules] Host is up to date.
[Modules] Checking for module updates at https://discordapp.com/api/modules/stable/versions.json
[Modules] No module updates available.
[Modules] Starting to install discord_cloudsync...
[Modules] Fetching discord_cloudsync@0 from https://discordapp.com/api/modules/stable/discord_cloudsync/0
[Modules] Streaming discord_cloudsync@0 [255 bytes] to /home/alex/.config/discord/0.0.5/modules/pending/discord_cloudsync-0.zip
[Modules] Finished module downloads. [success: 0] [failure: 1]
[Modules] Checking for host updates.
[Modules] Host is up to date.
[Modules] Checking for module updates at https://discordapp.com/api/modules/stable/versions.json
[Modules] No module updates available.
[Modules] Modules initializing
[Modules] Distribution: remote
[Modules] Host updates: enabled
[Modules] Module updates: enabled
[Modules] Module install path: /home/alex/.config/discord/0.0.5/modules
[Modules] Module installed file path: /home/alex/.config/discord/0.0.5/modules/installed.json
[Modules] Module download path: /home/alex/.config/discord/0.0.5/modules/pending
[Modules] No updates to install
[Modules] Checking for host updates.
[Modules] Host is up to date.
[Modules] Checking for module updates at https://discordapp.com/api/modules/stable/versions.json
[Modules] No module updates available.
[Modules] Starting to install discord_cloudsync...
[Modules] Fetching discord_cloudsync@0 from https://discordapp.com/api/modules/stable/discord_cloudsync/0
[Modules] Streaming discord_cloudsync@0 [255 bytes] to /home/alex/.config/discord/0.0.5/modules/pending/discord_cloudsync-0.zip
[Modules] Finished module downloads. [success: 0] [failure: 1]
[Modules] Checking for host updates.
[Modules] Host is up to date.
[Modules] Checking for module updates at https://discordapp.com/api/modules/stable/versions.json
[Modules] No module updates available.
[Modules] Modules initializing
[Modules] Distribution: remote
[Modules] Host updates: enabled
[Modules] Module updates: enabled
[Modules] Module install path: /home/alex/.config/discord/0.0.5/modules
[Modules] Module installed file path: /home/alex/.config/discord/0.0.5/modules/installed.json
[Modules] Module download path: /home/alex/.config/discord/0.0.5/modules/pending
[Modules] No updates to install
[Modules] Checking for host updates.
[Modules] Host is up to date.
[Modules] Checking for module updates at https://discordapp.com/api/modules/stable/versions.json
[Modules] No module updates available.
[Modules] Starting to install discord_cloudsync...
[Modules] Fetching discord_cloudsync@0 from https://discordapp.com/api/modules/stable/discord_cloudsync/0
[Modules] Streaming discord_cloudsync@0 [255 bytes] to /home/alex/.config/discord/0.0.5/modules/pending/discord_cloudsync-0.zip
[Modules] Finished module downloads. [success: 0] [failure: 1]
[Modules] Checking for host updates.
[Modules] Host is up to date.
[Modules] Checking for module updates at https://discordapp.com/api/modules/stable/versions.json
[Modules] No module updates available.
[Modules] Modules initializing
[Modules] Distribution: remote
[Modules] Host updates: enabled
[Modules] Module updates: enabled
[Modules] Module install path: /home/alex/.config/discord/0.0.5/modules
[Modules] Module installed file path: /home/alex/.config/discord/0.0.5/modules/installed.json
[Modules] Module download path: /home/alex/.config/discord/0.0.5/modules/pending
[Modules] No updates to install
[Modules] Checking for host updates.
[Modules] Host is up to date.
[Modules] Checking for module updates at https://discordapp.com/api/modules/stable/versions.json
[Modules] No module updates available.
[Modules] Starting to install discord_cloudsync...
[Modules] Fetching discord_cloudsync@0 from https://discordapp.com/api/modules/stable/discord_cloudsync/0
[Modules] Streaming discord_cloudsync@0 [255 bytes] to /home/alex/.config/discord/0.0.5/modules/pending/discord_cloudsync-0.zip
[Modules] Finished module downloads. [success: 0] [failure: 1]
[Modules] Checking for host updates.
[Modules] Host is up to date.
[Modules] Checking for module updates at https://discordapp.com/api/modules/stable/versions.json
[Modules] No module updates available.
[Modules] Modules initializing
[Modules] Distribution: remote
[Modules] Host updates: enabled
[Modules] Module updates: enabled
[Modules] Module install path: /home/alex/.config/discord/0.0.5/modules
[Modules] Module installed file path: /home/alex/.config/discord/0.0.5/modules/installed.json
[Modules] Module download path: /home/alex/.config/discord/0.0.5/modules/pending
[Modules] No updates to install
[Modules] Checking for host updates.
[Modules] Host is up to date.
[Modules] Checking for module updates at https://discordapp.com/api/modules/stable/versions.json
[Modules] No module updates available.
[Modules] Starting to install discord_cloudsync...
[Modules] Fetching discord_cloudsync@0 from https://discordapp.com/api/modules/stable/discord_cloudsync/0
[Modules] Streaming discord_cloudsync@0 [255 bytes] to /home/alex/.config/discord/0.0.5/modules/pending/discord_cloudsync-0.zip
[Modules] Finished module downloads. [success: 0] [failure: 1]
[Modules] Checking for host updates.
[Modules] Host is up to date.
[Modules] Checking for module updates at https://discordapp.com/api/modules/stable/versions.json
[Modules] No module updates available.
[Modules] Checking for host updates.
[Modules] Host is up to date.
[Modules] Checking for module updates at https://discordapp.com/api/modules/stable/versions.json
[Modules] No module updates available.
[Modules] Modules initializing
[Modules] Distribution: remote
[Modules] Host updates: enabled
[Modules] Module updates: enabled
[Modules] Module install path: /home/alex/.config/discord/0.0.5/modules
[Modules] Module installed file path: /home/alex/.config/discord/0.0.5/modules/installed.json
[Modules] Module download path: /home/alex/.config/discord/0.0.5/modules/pending
[Modules] No updates to install
[Modules] Checking for host updates.
[Modules] Host is up to date.
[Modules] Checking for module updates at https://discordapp.com/api/modules/stable/versions.json
[Modules] No module updates available.
[Modules] Starting to install discord_cloudsync...
[Modules] Fetching discord_cloudsync@0 from https://discordapp.com/api/modules/stable/discord_cloudsync/0
[Modules] Streaming discord_cloudsync@0 [255 bytes] to /home/alex/.config/discord/0.0.5/modules/pending/discord_cloudsync-0.zip
[Modules] Finished module downloads. [success: 0] [failure: 1]
[Modules] Checking for host updates.
[Modules] Host is up to date.
[Modules] Checking for module updates at https://discordapp.com/api/modules/stable/versions.json
[Modules] No module updates available.
[Modules] Modules initializing
[Modules] Distribution: remote
[Modules] Host updates: enabled
[Modules] Module updates: enabled
[Modules] Module install path: /home/alex/.config/discord/0.0.5/modules
[Modules] Module installed file path: /home/alex/.config/discord/0.0.5/modules/installed.json
[Modules] Module download path: /home/alex/.config/discord/0.0.5/modules/pending
[Modules] No updates to install
[Modules] Checking for host updates.
[Modules] Host is up to date.
[Modules] Checking for module updates at https://discordapp.com/api/modules/stable/versions.json
[Modules] No module updates available.
[Modules] Starting to install discord_cloudsync...
[Modules] Fetching discord_cloudsync@0 from https://discordapp.com/api/modules/stable/discord_cloudsync/0
[Modules] Streaming discord_cloudsync@0 [255 bytes] to /home/alex/.config/discord/0.0.5/modules/pending/discord_cloudsync-0.zip
[Modules] Finished module downloads. [success: 0] [failure: 1]
[Modules] Checking for host updates.
[Modules] Host is up to date.
[Modules] Checking for module updates at https://discordapp.com/api/modules/stable/versions.json
[Modules] No module updates available.
[Modules] Modules initializing[Modules] Modules initializing
[Modules] Distribution: remote
[Modules] Host updates: enabled
[Modules] Module updates: enabled
[Modules] Module install path: /home/alex/.config/discord/0.0.5/modules
[Modules] Module installed file path: /home/alex/.config/discord/0.0.5/modules/installed.json
[Modules] Module download path: /home/alex/.config/discord/0.0.5/modules/pending

[Modules] Distribution: remote
[Modules] Host updates: enabled
[Modules] Module updates: enabled
[Modules] Module install path: /home/alex/.config/discord/0.0.5/modules
[Modules] Module installed file path: /home/alex/.config/discord/0.0.5/modules/installed.json
[Modules] Module download path: /home/alex/.config/discord/0.0.5/modules/pending
[Modules] Could not clean downloaded modules
[Modules] Error: ENOENT: no such file or directory, unlink '/home/alex/.config/discord/0.0.5/modules/pending/discord_cloudsync-0.zip'
    at Object.fs.unlinkSync (fs.js:1007:18)
    at /opt/discord/resources/app.asar/common/moduleUpdater.js:361:22
    at Array.forEach (native)
    at cleanDownloadedModules (/opt/discord/resources/app.asar/common/moduleUpdater.js:329:13)
    at Object.init (/opt/discord/resources/app.asar/common/moduleUpdater.js:271:5)
    at Object.update (/opt/discord/resources/app.asar/app_bootstrap/appUpdater.js:31:17)
    at startUpdate (/opt/discord/resources/app.asar/app_bootstrap/bootstrap.js:82:14)
    at /opt/discord/resources/app.asar/app_bootstrap/singleInstance.js:123:5
    at tryStart (/opt/discord/resources/app.asar/app_bootstrap/singleInstance.js:81:5)
    at Object.create (/opt/discord/resources/app.asar/app_bootstrap/singleInstance.js:110:3)
[Modules] No updates to install[Modules] No updates to install
[Modules] Checking for host updates.

[Modules] Checking for host updates.
[Modules] Host is up to date.[Modules] Host is up to date.
[Modules] Checking for module updates at https://discordapp.com/api/modules/stable/versions.json

[Modules] Checking for module updates at https://discordapp.com/api/modules/stable/versions.json
[Modules] No module updates available.[Modules] No module updates available.

[Modules] Starting to install discord_cloudsync...
[Modules] Fetching discord_cloudsync@0 from https://discordapp.com/api/modules/stable/discord_cloudsync/0
[Modules] Streaming discord_cloudsync@0 [255 bytes] to /home/alex/.config/discord/0.0.5/modules/pending/discord_cloudsync-0.zip
[Modules] Finished module downloads. [success: 0] [failure: 1]
[Modules] Checking for host updates.
[Modules] Host is up to date.
[Modules] Checking for module updates at https://discordapp.com/api/modules/stable/versions.json
[Modules] No module updates available.
[Modules] Checking for host updates.
[Modules] Host is up to date.
[Modules] Checking for module updates at https://discordapp.com/api/modules/stable/versions.json
[Modules] No module updates available.
[Modules] Modules initializing
[Modules] Distribution: remote
[Modules] Host updates: enabled
[Modules] Module updates: enabled
[Modules] Module install path: /home/alex/.config/discord/0.0.5/modules
[Modules] Module installed file path: /home/alex/.config/discord/0.0.5/modules/installed.json
[Modules] Module download path: /home/alex/.config/discord/0.0.5/modules/pending
[Modules] No updates to install
[Modules] Checking for host updates.
[Modules] Host is up to date.
[Modules] Checking for module updates at https://discordapp.com/api/modules/stable/versions.json
[Modules] No module updates available.
[Modules] Starting to install discord_cloudsync...
[Modules] Fetching discord_cloudsync@0 from https://discordapp.com/api/modules/stable/discord_cloudsync/0
[Modules] Streaming discord_cloudsync@0 [255 bytes] to /home/alex/.config/discord/0.0.5/modules/pending/discord_cloudsync-0.zip
[Modules] Finished module downloads. [success: 0] [failure: 1]
[Modules] Checking for host updates.
[Modules] Host is up to date.
[Modules] Checking for module updates at https://discordapp.com/api/modules/stable/versions.json
[Modules] No module updates available.
[Modules] Checking for host updates.
[Modules] Host is up to date.
[Modules] Checking for module updates at https://discordapp.com/api/modules/stable/versions.json
[Modules] No module updates available.
[Modules] Checking for host updates.
[Modules] Host is up to date.
[Modules] Checking for module updates at https://discordapp.com/api/modules/stable/versions.json
[Modules] No module updates available.
[Modules] Checking for host updates.
[Modules] Host is up to date.
[Modules] Checking for module updates at https://discordapp.com/api/modules/stable/versions.json
[Modules] No module updates available.
[Modules] Checking for host updates.
[Modules] Host is up to date.
[Modules] Checking for module updates at https://discordapp.com/api/modules/stable/versions.json
[Modules] No module updates available.
[Modules] Checking for host updates.
[Modules] Host is up to date.
[Modules] Checking for module updates at https://discordapp.com/api/modules/stable/versions.json
[Modules] No module updates available.
[Modules] Checking for host updates.
[Modules] Host is up to date.
[Modules] Checking for module updates at https://discordapp.com/api/modules/stable/versions.json
[Modules] No module updates available.
[Modules] Modules initializing[Modules] Modules initializing[Modules] Modules initializing
[Modules] Distribution: remote
[Modules] Host updates: enabled
[Modules] Module updates: enabled
[Modules] Module install path: /home/alex/.config/discord/0.0.5/modules
[Modules] Module installed file path: /home/alex/.config/discord/0.0.5/modules/installed.json
[Modules] Module download path: /home/alex/.config/discord/0.0.5/modules/pending
[Modules] Could not clean downloaded modules
[Modules] Error: ENOENT: no such file or directory, unlink '/home/alex/.config/discord/0.0.5/modules/pending/discord_cloudsync-0.zip'
    at Object.fs.unlinkSync (fs.js:1007:18)
    at /opt/discord/resources/app.asar/common/moduleUpdater.js:361:22
    at Array.forEach (native)
    at cleanDownloadedModules (/opt/discord/resources/app.asar/common/moduleUpdater.js:329:13)
    at Object.init (/opt/discord/resources/app.asar/common/moduleUpdater.js:271:5)
    at Object.update (/opt/discord/resources/app.asar/app_bootstrap/appUpdater.js:31:17)
    at startUpdate (/opt/discord/resources/app.asar/app_bootstrap/bootstrap.js:82:14)
    at /opt/discord/resources/app.asar/app_bootstrap/singleInstance.js:123:5
    at tryStart (/opt/discord/resources/app.asar/app_bootstrap/singleInstance.js:81:5)
    at Object.create (/opt/discord/resources/app.asar/app_bootstrap/singleInstance.js:110:3)

[Modules] Distribution: remote
[Modules] Host updates: enabled
[Modules] Module updates: enabled
[Modules] Module install path: /home/alex/.config/discord/0.0.5/modules
[Modules] Module installed file path: /home/alex/.config/discord/0.0.5/modules/installed.json
[Modules] Module download path: /home/alex/.config/discord/0.0.5/modules/pending
[Modules] Could not clean downloaded modules
[Modules] Error: ENOENT: no such file or directory, unlink '/home/alex/.config/discord/0.0.5/modules/pending/discord_cloudsync-0.zip'
    at Object.fs.unlinkSync (fs.js:1007:18)
    at /opt/discord/resources/app.asar/common/moduleUpdater.js:361:22
    at Array.forEach (native)
    at cleanDownloadedModules (/opt/discord/resources/app.asar/common/moduleUpdater.js:329:13)
    at Object.init (/opt/discord/resources/app.asar/common/moduleUpdater.js:271:5)
    at Object.update (/opt/discord/resources/app.asar/app_bootstrap/appUpdater.js:31:17)
    at startUpdate (/opt/discord/resources/app.asar/app_bootstrap/bootstrap.js:82:14)
    at /opt/discord/resources/app.asar/app_bootstrap/singleInstance.js:123:5
    at tryStart (/opt/discord/resources/app.asar/app_bootstrap/singleInstance.js:81:5)
    at Object.create (/opt/discord/resources/app.asar/app_bootstrap/singleInstance.js:110:3)

[Modules] Distribution: remote
[Modules] Host updates: enabled
[Modules] Module updates: enabled
[Modules] Module install path: /home/alex/.config/discord/0.0.5/modules
[Modules] Module installed file path: /home/alex/.config/discord/0.0.5/modules/installed.json
[Modules] Module download path: /home/alex/.config/discord/0.0.5/modules/pending
[Modules] No updates to install[Modules] No updates to install[Modules] No updates to install
[Modules] Checking for host updates.

[Modules] Checking for host updates.

[Modules] Checking for host updates.
[Modules] Modules initializing
[Modules] Distribution: remote
[Modules] Host updates: enabled
[Modules] Module updates: enabled
[Modules] Module install path: /home/alex/.config/discord/0.0.5/modules
[Modules] Module installed file path: /home/alex/.config/discord/0.0.5/modules/installed.json
[Modules] Module download path: /home/alex/.config/discord/0.0.5/modules/pending
[Modules] No updates to install
[Modules] Checking for host updates.
[Modules] Modules initializing
[Modules] Distribution: remote
[Modules] Host updates: enabled
[Modules] Module updates: enabled
[Modules] Module install path: /home/alex/.config/discord/0.0.5/modules
[Modules] Module installed file path: /home/alex/.config/discord/0.0.5/modules/installed.json
[Modules] Module download path: /home/alex/.config/discord/0.0.5/modules/pending
[Modules] No updates to install
[Modules] Checking for host updates.
[Modules] Host is up to date.
[Modules] Checking for module updates at https://discordapp.com/api/modules/stable/versions.json
[Modules] Module update available: discord_voice@11 [installed: 9]
[Modules] Fetching discord_voice@11 from https://discordapp.com/api/modules/stable/discord_voice/11
[Modules] Streaming discord_voice@11 [7602163 bytes] to /home/alex/.config/discord/0.0.5/modules/pending/discord_voice-11.zip
[Modules] Finished module downloads. [success: 1] [failure: 0]
[Modules] Relaunching to install module updates...
[Modules] Modules initializing
[Modules] Distribution: remote
[Modules] Host updates: enabled
[Modules] Module updates: enabled
[Modules] Module install path: /home/alex/.config/discord/0.0.5/modules
[Modules] Module installed file path: /home/alex/.config/discord/0.0.5/modules/installed.json
[Modules] Module download path: /home/alex/.config/discord/0.0.5/modules/pending
[Modules] Installing updates...
[Modules] Installing discord_voice@11 from /home/alex/.config/discord/0.0.5/modules/pending/discord_voice-11.zip
[Modules] Finished module installations. [success: 1] [failure: 0]
[Modules] Checking for host updates.
[Modules] Host is up to date.
[Modules] Checking for module updates at https://discordapp.com/api/modules/stable/versions.json
[Modules] No module updates available.
[Modules] Starting to install discord_cloudsync...
[Modules] Fetching discord_cloudsync@0 from https://discordapp.com/api/modules/stable/discord_cloudsync/0
[Modules] Streaming discord_cloudsync@0 [255 bytes] to /home/alex/.config/discord/0.0.5/modules/pending/discord_cloudsync-0.zip
[Modules] Finished module downloads. [success: 0] [failure: 1]
[Modules] Checking for host updates.
[Modules] Host is up to date.
[Modules] Checking for module updates at https://discordapp.com/api/modules/stable/versions.json
[Modules] No module updates available.
[Modules] Checking for host updates.
[Modules] Host is up to date.
[Modules] Checking for module updates at https://discordapp.com/api/modules/stable/versions.json
[Modules] No module updates available.
[Modules] Checking for host updates.
[Modules] Host is up to date.
[Modules] Checking for module updates at https://discordapp.com/api/modules/stable/versions.json
[Modules] No module updates available.
[Modules] Checking for host updates.
[Modules] Host update failed: Error: getaddrinfo EAI_AGAIN discordapp.com:443
[Modules] Checking for host updates.
[Modules] Host is up to date.
[Modules] Checking for module updates at https://discordapp.com/api/modules/stable/versions.json
[Modules] No module updates available.
[Modules] Checking for host updates.
[Modules] Host is up to date.
[Modules] Checking for module updates at https://discordapp.com/api/modules/stable/versions.json
[Modules] No module updates available.
[Modules] Checking for host updates.
[Modules] Host is up to date.
[Modules] Checking for module updates at https://discordapp.com/api/modules/stable/versions.json
[Modules] No module updates available.
[Modules] Checking for host updates.
[Modules] Host is up to date.
[Modules] Checking for module updates at https://discordapp.com/api/modules/stable/versions.json
[Modules] No module updates available.
[Modules] Modules initializing
[Modules] Distribution: remote
[Modules] Host updates: enabled
[Modules] Module updates: enabled
[Modules] Module install path: /home/alex/.config/discord/0.0.5/modules
[Modules] Module installed file path: /home/alex/.config/discord/0.0.5/modules/installed.json
[Modules] Module download path: /home/alex/.config/discord/0.0.5/modules/pending
[Modules] No updates to install
[Modules] Checking for host updates.
[Modules] Host is up to date.
[Modules] Checking for module updates at https://discordapp.com/api/modules/stable/versions.json
[Modules] No module updates available.
[Modules] Starting to install discord_cloudsync...
[Modules] Fetching discord_cloudsync@0 from https://discordapp.com/api/modules/stable/discord_cloudsync/0
[Modules] Streaming discord_cloudsync@0 [255 bytes] to /home/alex/.config/discord/0.0.5/modules/pending/discord_cloudsync-0.zip
[Modules] Finished module downloads. [success: 0] [failure: 1]
[Modules] Checking for host updates.
[Modules] Host is up to date.
[Modules] Checking for module updates at https://discordapp.com/api/modules/stable/versions.json
[Modules] No module updates available.
[Modules] Checking for host updates.
[Modules] Host is up to date.
[Modules] Checking for module updates at https://discordapp.com/api/modules/stable/versions.json
[Modules] No module updates available.
[Modules] Modules initializing
[Modules] Distribution: remote
[Modules] Host updates: enabled
[Modules] Module updates: enabled
[Modules] Module install path: /home/alex/.config/discord/0.0.5/modules
[Modules] Module installed file path: /home/alex/.config/discord/0.0.5/modules/installed.json
[Modules] Module download path: /home/alex/.config/discord/0.0.5/modules/pending
[Modules] No updates to install
[Modules] Checking for host updates.
[Modules] Host is up to date.
[Modules] Checking for module updates at https://discordapp.com/api/modules/stable/versions.json
[Modules] No module updates available.
[Modules] Starting to install discord_cloudsync...
[Modules] Fetching discord_cloudsync@0 from https://discordapp.com/api/modules/stable/discord_cloudsync/0
[Modules] Streaming discord_cloudsync@0 [255 bytes] to /home/alex/.config/discord/0.0.5/modules/pending/discord_cloudsync-0.zip
[Modules] Finished module downloads. [success: 0] [failure: 1]
[Modules] Checking for host updates.
[Modules] Host is up to date.
[Modules] Checking for module updates at https://discordapp.com/api/modules/stable/versions.json
[Modules] No module updates available.
[Modules] Checking for host updates.
[Modules] Host is up to date.
[Modules] Checking for module updates at https://discordapp.com/api/modules/stable/versions.json
[Modules] No module updates available.
[Modules] Checking for host updates.
[Modules] Host is up to date.
[Modules] Checking for module updates at https://discordapp.com/api/modules/stable/versions.json
[Modules] No module updates available.
[Modules] Checking for host updates.
[Modules] Host is up to date.
[Modules] Checking for module updates at https://discordapp.com/api/modules/stable/versions.json
[Modules] No module updates available.
[Modules] Checking for host updates.
[Modules] Host is up to date.
[Modules] Checking for module updates at https://discordapp.com/api/modules/stable/versions.json
[Modules] No module updates available.
[Modules] Modules initializing
[Modules] Distribution: remote
[Modules] Host updates: enabled
[Modules] Module updates: enabled
[Modules] Module install path: /home/alex/.config/discord/0.0.5/modules
[Modules] Module installed file path: /home/alex/.config/discord/0.0.5/modules/installed.json
[Modules] Module download path: /home/alex/.config/discord/0.0.5/modules/pending
[Modules] No updates to install
[Modules] Checking for host updates.
[Modules] Host is up to date.
[Modules] Checking for module updates at https://discordapp.com/api/modules/stable/versions.json
[Modules] No module updates available.
[Modules] Starting to install discord_cloudsync...
[Modules] Fetching discord_cloudsync@0 from https://discordapp.com/api/modules/stable/discord_cloudsync/0
[Modules] Streaming discord_cloudsync@0 [255 bytes] to /home/alex/.config/discord/0.0.5/modules/pending/discord_cloudsync-0.zip
[Modules] Finished module downloads. [success: 0] [failure: 1]
[Modules] Checking for host updates.
[Modules] Host is up to date.
[Modules] Checking for module updates at https://discordapp.com/api/modules/stable/versions.json
[Modules] No module updates available.
[Modules] Modules initializing
[Modules] Distribution: remote
[Modules] Host updates: enabled
[Modules] Module updates: enabled
[Modules] Module install path: /home/alex/.config/discord/0.0.5/modules
[Modules] Module installed file path: /home/alex/.config/discord/0.0.5/modules/installed.json
[Modules] Module download path: /home/alex/.config/discord/0.0.5/modules/pending
[Modules] No updates to install
[Modules] Checking for host updates.
[Modules] Host is up to date.
[Modules] Checking for module updates at https://discordapp.com/api/modules/stable/versions.json
[Modules] No module updates available.
[Modules] Starting to install discord_cloudsync...
[Modules] Fetching discord_cloudsync@0 from https://discordapp.com/api/modules/stable/discord_cloudsync/0
[Modules] Streaming discord_cloudsync@0 [255 bytes] to /home/alex/.config/discord/0.0.5/modules/pending/discord_cloudsync-0.zip
[Modules] Finished module downloads. [success: 0] [failure: 1]
[Modules] Checking for host updates.
[Modules] Host is up to date.
[Modules] Checking for module updates at https://discordapp.com/api/modules/stable/versions.json
[Modules] No module updates available.
[Modules] Modules initializing
[Modules] Distribution: remote
[Modules] Host updates: enabled
[Modules] Module updates: enabled
[Modules] Module install path: /home/alex/.config/discord/0.0.5/modules
[Modules] Module installed file path: /home/alex/.config/discord/0.0.5/modules/installed.json
[Modules] Module download path: /home/alex/.config/discord/0.0.5/modules/pending
[Modules] No updates to install
[Modules] Checking for host updates.
[Modules] Host is up to date.
[Modules] Checking for module updates at https://discordapp.com/api/modules/stable/versions.json
[Modules] No module updates available.
[Modules] Starting to install discord_cloudsync...
[Modules] Fetching discord_cloudsync@0 from https://discordapp.com/api/modules/stable/discord_cloudsync/0
[Modules] Streaming discord_cloudsync@0 [255 bytes] to /home/alex/.config/discord/0.0.5/modules/pending/discord_cloudsync-0.zip
[Modules] Finished module downloads. [success: 0] [failure: 1]
[Modules] Checking for host updates.
[Modules] Host is up to date.
[Modules] Checking for module updates at https://discordapp.com/api/modules/stable/versions.json
[Modules] No module updates available.
[Modules] Checking for host updates.
[Modules] Host is up to date.
[Modules] Checking for module updates at https://discordapp.com/api/modules/stable/versions.json
[Modules] No module updates available.
[Modules] Checking for host updates.
[Modules] Host is up to date.
[Modules] Checking for module updates at https://discordapp.com/api/modules/stable/versions.json
[Modules] No module updates available.
[Modules] Modules initializing
[Modules] Distribution: remote
[Modules] Host updates: enabled
[Modules] Module updates: enabled
[Modules] Module install path: /home/alex/.config/discord/0.0.5/modules
[Modules] Module installed file path: /home/alex/.config/discord/0.0.5/modules/installed.json
[Modules] Module download path: /home/alex/.config/discord/0.0.5/modules/pending
[Modules] No updates to install
[Modules] Checking for host updates.
[Modules] Host is up to date.
[Modules] Checking for module updates at https://discordapp.com/api/modules/stable/versions.json
[Modules] No module updates available.
[Modules] Starting to install discord_cloudsync...
[Modules] Fetching discord_cloudsync@0 from https://discordapp.com/api/modules/stable/discord_cloudsync/0
[Modules] Streaming discord_cloudsync@0 [255 bytes] to /home/alex/.config/discord/0.0.5/modules/pending/discord_cloudsync-0.zip
[Modules] Finished module downloads. [success: 0] [failure: 1]
[Modules] Modules initializing
[Modules] Distribution: remote
[Modules] Host updates: enabled
[Modules] Module updates: enabled
[Modules] Module install path: /home/alex/.config/discord/0.0.5/modules
[Modules] Module installed file path: /home/alex/.config/discord/0.0.5/modules/installed.json
[Modules] Module download path: /home/alex/.config/discord/0.0.5/modules/pending
[Modules] No updates to install
[Modules] Checking for host updates.
[Modules] Host is up to date.
[Modules] Checking for module updates at https://discordapp.com/api/modules/stable/versions.json
[Modules] No module updates available.
[Modules] Starting to install discord_cloudsync...
[Modules] Fetching discord_cloudsync@0 from https://discordapp.com/api/modules/stable/discord_cloudsync/0
[Modules] Streaming discord_cloudsync@0 [255 bytes] to /home/alex/.config/discord/0.0.5/modules/pending/discord_cloudsync-0.zip
[Modules] Finished module downloads. [success: 0] [failure: 1]
[Modules] Checking for host updates.
[Modules] Host is up to date.
[Modules] Checking for module updates at https://discordapp.com/api/modules/stable/versions.json
[Modules] No module updates available.
[Modules] Checking for host updates.
[Modules] Host is up to date.
[Modules] Checking for module updates at https://discordapp.com/api/modules/stable/versions.json
[Modules] No module updates available.
[Modules] Checking for host updates.
[Modules] Host is up to date.
[Modules] Checking for module updates at https://discordapp.com/api/modules/stable/versions.json
[Modules] No module updates available.
[Modules] Modules initializing
[Modules] Distribution: remote
[Modules] Host updates: enabled
[Modules] Module updates: enabled
[Modules] Module install path: /home/alex/.config/discord/0.0.5/modules
[Modules] Module installed file path: /home/alex/.config/discord/0.0.5/modules/installed.json
[Modules] Module download path: /home/alex/.config/discord/0.0.5/modules/pending
[Modules] No updates to install
[Modules] Checking for host updates.
[Modules] Host is up to date.
[Modules] Checking for module updates at https://discordapp.com/api/modules/stable/versions.json
[Modules] No module updates available.
[Modules] Starting to install discord_cloudsync...
[Modules] Fetching discord_cloudsync@0 from https://discordapp.com/api/modules/stable/discord_cloudsync/0
[Modules] Streaming discord_cloudsync@0 [255 bytes] to /home/alex/.config/discord/0.0.5/modules/pending/discord_cloudsync-0.zip
[Modules] Finished module downloads. [success: 0] [failure: 1]
[Modules] Checking for host updates.
[Modules] Host is up to date.
[Modules] Checking for module updates at https://discordapp.com/api/modules/stable/versions.json
[Modules] No module updates available.
[Modules] Modules initializing
[Modules] Distribution: remote
[Modules] Host updates: enabled
[Modules] Module updates: enabled
[Modules] Module install path: /home/alex/.config/discord/0.0.5/modules
[Modules] Module installed file path: /home/alex/.config/discord/0.0.5/modules/installed.json
[Modules] Module download path: /home/alex/.config/discord/0.0.5/modules/pending
[Modules] No updates to install
[Modules] Checking for host updates.
[Modules] Host is up to date.
[Modules] Checking for module updates at https://discordapp.com/api/modules/stable/versions.json
[Modules] Module update available: discord_voice@12 [installed: 11]
[Modules] Fetching discord_voice@12 from https://discordapp.com/api/modules/stable/discord_voice/12
[Modules] Streaming discord_voice@12 [7624847 bytes] to /home/alex/.config/discord/0.0.5/modules/pending/discord_voice-12.zip
[Modules] Finished module downloads. [success: 1] [failure: 0]
[Modules] Relaunching to install module updates...
[Modules] Modules initializing
[Modules] Distribution: remote
[Modules] Host updates: enabled
[Modules] Module updates: enabled
[Modules] Module install path: /home/alex/.config/discord/0.0.5/modules
[Modules] Module installed file path: /home/alex/.config/discord/0.0.5/modules/installed.json
[Modules] Module download path: /home/alex/.config/discord/0.0.5/modules/pending
[Modules] Installing updates...
[Modules] Installing discord_voice@12 from /home/alex/.config/discord/0.0.5/modules/pending/discord_voice-12.zip
[Modules] Finished module installations. [success: 1] [failure: 0]
[Modules] Checking for host updates.
[Modules] Host is up to date.
[Modules] Checking for module updates at https://discordapp.com/api/modules/stable/versions.json
[Modules] No module updates available.
[Modules] Starting to install discord_cloudsync...
[Modules] Fetching discord_cloudsync@0 from https://discordapp.com/api/modules/stable/discord_cloudsync/0
[Modules] Streaming discord_cloudsync@0 [255 bytes] to /home/alex/.config/discord/0.0.5/modules/pending/discord_cloudsync-0.zip
[Modules] Finished module downloads. [success: 0] [failure: 1]
[Modules] Checking for host updates.
[Modules] Host is up to date.
[Modules] Checking for module updates at https://discordapp.com/api/modules/stable/versions.json
[Modules] No module updates available.
[Modules] Checking for host updates.
[Modules] Host is up to date.
[Modules] Checking for module updates at https://discordapp.com/api/modules/stable/versions.json
[Modules] No module updates available.
[Modules] Checking for host updates.
[Modules] Host is up to date.
[Modules] Checking for module updates at https://discordapp.com/api/modules/stable/versions.json
[Modules] No module updates available.
[Modules] Checking for host updates.
[Modules] Host is up to date.
[Modules] Checking for module updates at https://discordapp.com/api/modules/stable/versions.json
[Modules] No module updates available.
[Modules] Checking for host updates.
[Modules] Host is up to date.
[Modules] Checking for module updates at https://discordapp.com/api/modules/stable/versions.json
[Modules] No module updates available.
