[2018-12-20 14:21:21.122] [sharedprocess] [info] main {"machineId":"43dbd245f1f6b44548dde54aed36a0385e0db91487daa5899c8f892d89f2be0a"}
[2018-12-20 14:21:21.636] [sharedprocess] [info] Scanned user extensions: 4
[2018-12-20 14:21:22.374] [sharedprocess] [info] Scanned system extensions: 71
[2018-12-20 14:21:24.837] [sharedprocess] [info] Scanned user extensions: 4
[2018-12-20 14:21:24.857] [sharedprocess] [info] Scanned system extensions: 71
[2018-12-20 14:21:25.063] [sharedprocess] [info] Scanned user extensions: 4
[2018-12-20 14:21:27.035] [sharedprocess] [info] Installing extension: python
[2018-12-20 14:21:27.044] [sharedprocess] [info] Scanned user extensions: 4
[2018-12-20 14:21:34.282] [sharedprocess] [info] Downloaded extension: python /tmp/02a9db80-b75f-4589-a64f-a4986ae51c1d
[2018-12-20 14:21:35.336] [sharedprocess] [info] Extracted extension to /home/alex/.vscode-oss/extensions/.ms-python.python-2018.12.1: ms-python.python-2018.12.1
[2018-12-20 14:21:35.336] [sharedprocess] [info] Renamed to /home/alex/.vscode-oss/extensions/ms-python.python-2018.12.1
[2018-12-20 14:21:35.336] [sharedprocess] [info] Installation completed. ms-python.python-2018.12.1
[2018-12-20 14:21:35.399] [sharedprocess] [info] Extensions installed successfully: ms-python.python
[2018-12-20 14:22:01.124] [sharedprocess] [info] Starting to clean up unused language packs.
[2018-12-20 14:22:56.797] [sharedprocess] [info] Scanned user extensions: 4
[2018-12-20 14:22:56.804] [sharedprocess] [info] Scanned user extensions: 4
[2018-12-20 14:22:56.854] [sharedprocess] [info] Scanned system extensions: 71
[2018-12-20 14:22:56.858] [sharedprocess] [info] Scanned system extensions: 71
[2018-12-20 14:22:56.889] [sharedprocess] [info] Scanned user extensions: 4
[2018-12-20 14:27:56.905] [sharedprocess] [info] Scanned user extensions: 4
[2018-12-20 14:32:56.924] [sharedprocess] [info] Scanned user extensions: 4
[2018-12-20 14:37:56.939] [sharedprocess] [info] Scanned user extensions: 4
[2018-12-20 14:42:56.958] [sharedprocess] [info] Scanned user extensions: 4
[2018-12-20 14:57:27.962] [sharedprocess] [info] Scanned user extensions: 4
[2018-12-20 15:02:27.978] [sharedprocess] [info] Scanned user extensions: 4
[2018-12-20 15:07:27.997] [sharedprocess] [info] Scanned user extensions: 4
[2018-12-20 15:12:28.015] [sharedprocess] [info] Scanned user extensions: 4
[2018-12-20 15:23:26.815] [sharedprocess] [info] Scanned user extensions: 4
[2018-12-20 15:23:26.822] [sharedprocess] [info] Scanned user extensions: 4
[2018-12-20 15:23:26.874] [sharedprocess] [info] Scanned system extensions: 71
[2018-12-20 15:23:26.879] [sharedprocess] [info] Scanned system extensions: 71
[2018-12-20 15:23:27.045] [sharedprocess] [info] Scanned user extensions: 4
[2018-12-20 15:28:27.061] [sharedprocess] [info] Scanned user extensions: 4
[2018-12-20 15:33:27.077] [sharedprocess] [info] Scanned user extensions: 4
[2018-12-20 15:38:27.095] [sharedprocess] [info] Scanned user extensions: 4
[2018-12-20 15:43:27.109] [sharedprocess] [info] Scanned user extensions: 4
[2018-12-20 15:48:27.128] [sharedprocess] [info] Scanned user extensions: 4
[2018-12-20 15:53:27.144] [sharedprocess] [info] Scanned user extensions: 4
[2018-12-20 15:58:27.156] [sharedprocess] [info] Scanned user extensions: 4
[2018-12-20 16:01:15.707] [sharedprocess] [info] Scanned user extensions: 4
[2018-12-20 16:01:15.715] [sharedprocess] [info] Scanned user extensions: 4
[2018-12-20 16:01:15.758] [sharedprocess] [info] Scanned system extensions: 71
[2018-12-20 16:01:15.762] [sharedprocess] [info] Scanned system extensions: 71
[2018-12-20 16:01:15.929] [sharedprocess] [info] Scanned user extensions: 4
[2018-12-20 18:34:23.087] [sharedprocess] [info] Scanned user extensions: 4
[2018-12-20 18:39:23.103] [sharedprocess] [info] Scanned user extensions: 4
[2018-12-20 18:44:23.125] [sharedprocess] [info] Scanned user extensions: 4
[2018-12-20 18:49:23.140] [sharedprocess] [info] Scanned user extensions: 4
[2018-12-20 18:54:23.158] [sharedprocess] [info] Scanned user extensions: 4
[2018-12-20 18:59:23.177] [sharedprocess] [info] Scanned user extensions: 4
[2018-12-20 19:04:23.225] [sharedprocess] [info] Scanned user extensions: 4
[2018-12-20 19:09:23.267] [sharedprocess] [info] Scanned user extensions: 4
[2018-12-20 19:14:23.276] [sharedprocess] [info] Scanned user extensions: 4
[2018-12-20 19:19:23.318] [sharedprocess] [info] Scanned user extensions: 4
[2018-12-21 14:09:14.207] [sharedprocess] [info] Scanned user extensions: 4
[2018-12-21 14:14:26.958] [sharedprocess] [info] Scanned user extensions: 4
[2018-12-21 14:30:29.448] [sharedprocess] [info] Scanned user extensions: 4
[2018-12-21 14:35:29.466] [sharedprocess] [info] Scanned user extensions: 4
[2018-12-21 14:40:29.482] [sharedprocess] [info] Scanned user extensions: 4
[2018-12-22 07:59:52.110] [sharedprocess] [info] Scanned user extensions: 4
[2018-12-22 08:01:39.282] [sharedprocess] [info] Scanned user extensions: 4
[2018-12-22 08:01:39.517] [sharedprocess] [info] Scanned user extensions: 4
[2018-12-22 08:01:39.525] [sharedprocess] [info] Scanned user extensions: 4
[2018-12-22 08:01:39.527] [sharedprocess] [info] Scanned user extensions: 4
[2018-12-22 08:01:39.872] [sharedprocess] [info] Scanned system extensions: 71
[2018-12-22 08:01:39.874] [sharedprocess] [info] Scanned system extensions: 71
[2018-12-22 08:01:39.877] [sharedprocess] [info] Scanned system extensions: 71
[2018-12-22 08:02:07.761] [sharedprocess] [info] Scanned user extensions: 4
[2018-12-22 08:02:07.764] [sharedprocess] [info] Scanned user extensions: 4
[2018-12-22 08:02:07.770] [sharedprocess] [info] Scanned user extensions: 4
[2018-12-22 08:02:07.816] [sharedprocess] [info] Scanned system extensions: 71
[2018-12-22 08:02:07.819] [sharedprocess] [info] Scanned system extensions: 71
[2018-12-22 08:02:07.822] [sharedprocess] [info] Scanned system extensions: 71
